<?xml version="1.0" encoding="UTF-8"?>
<testng-results skipped="0" failed="0" ignored="0" total="1" passed="1">
  <reporter-output>
  </reporter-output>
  <suite name="Default suite" duration-ms="51704" started-at="2021-02-02T18:51:51 IST" finished-at="2021-02-02T18:52:42 IST">
    <groups>
    </groups>
    <test name="Default test" duration-ms="51704" started-at="2021-02-02T18:51:51 IST" finished-at="2021-02-02T18:52:42 IST">
      <class name="keywordDrivenFrameworkDemos.SampleTest">
        <test-method status="PASS" signature="myTest()[pri:0, instance:keywordDrivenFrameworkDemos.SampleTest@167fdd33]" name="myTest" duration-ms="51569" started-at="2021-02-02T18:51:51 IST" finished-at="2021-02-02T18:52:42 IST">
          <reporter-output>
          </reporter-output>
        </test-method> <!-- myTest -->
      </class> <!-- keywordDrivenFrameworkDemos.SampleTest -->
    </test> <!-- Default test -->
  </suite> <!-- Default suite -->
</testng-results>
